<?xml version="1.0" encoding="UTF-8"?>
<!-- Generated by org.testng.reporters.JUnitXMLReporter -->
<testsuite ignored="0" hostname="DESKTOP-15R3KD4" failures="0" tests="11" name="Default test" time="24.251" errors="0" timestamp="2024-06-23T19:08:35 EET">
  <testcase classname="almosafer.myTestcases" name="testDefaultLanguage" time="0.026"/>
  <testcase classname="almosafer.myTestcases" name="CheckTheCurrencyIsSAR" time="0.022"/>
  <testcase classname="almosafer.myTestcases" name="CheckTheContactnumber" time="0.016"/>
  <testcase classname="almosafer.myTestcases" name="CheckQitafLogoIfDisplayed" time="0.035"/>
  <testcase classname="almosafer.myTestcases" name="VerifyTheHotelsTapIsNotselected" time="0.015"/>
  <testcase classname="almosafer.myTestcases" name="FligtDepartureAndReturneDate" time="0.03"/>
  <testcase classname="almosafer.myTestcases" name="ChangeLanguageRandom" time="0.793"/>
  <testcase classname="almosafer.myTestcases" name="HotelsTapSelection" time="0.163"/>
  <testcase classname="almosafer.myTestcases" name="SelectRandomNumOfPeople" time="3.147"/>
  <testcase classname="almosafer.myTestcases" name="RuseltBar" time="15.912"/>
  <testcase classname="almosafer.myTestcases" name="SortItemsPriceLowToHigh" time="2.922"/>
</testsuite> <!-- Default test -->
