<?xml version="1.0" encoding="UTF-8"?>
<testng-results ignored="0" total="11" passed="11" failed="0" skipped="0">
  <reporter-output>
  </reporter-output>
  <suite started-at="2024-06-23T19:08:11 EET" name="Default suite" finished-at="2024-06-23T19:08:35 EET" duration-ms="24251">
    <groups>
    </groups>
    <test started-at="2024-06-23T19:08:11 EET" name="Default test" finished-at="2024-06-23T19:08:35 EET" duration-ms="24251">
      <class name="almosafer.myTestcases">
        <test-method is-config="true" signature="mySetup()[pri:0, instance:almosafer.myTestcases@7ca33c24]" started-at="2024-06-23T19:08:11 EET" name="mySetup" finished-at="2024-06-23T19:08:12 EET" duration-ms="1137" status="PASS">
          <reporter-output>
          </reporter-output>
        </test-method> <!-- mySetup -->
        <test-method signature="testDefaultLanguage()[pri:1, instance:almosafer.myTestcases@7ca33c24]" started-at="2024-06-23T19:08:12 EET" name="testDefaultLanguage" finished-at="2024-06-23T19:08:12 EET" duration-ms="26" status="PASS">
          <reporter-output>
          </reporter-output>
        </test-method> <!-- testDefaultLanguage -->
        <test-method signature="CheckTheCurrencyIsSAR()[pri:2, instance:almosafer.myTestcases@7ca33c24]" started-at="2024-06-23T19:08:12 EET" name="CheckTheCurrencyIsSAR" finished-at="2024-06-23T19:08:12 EET" duration-ms="22" status="PASS">
          <reporter-output>
          </reporter-output>
        </test-method> <!-- CheckTheCurrencyIsSAR -->
        <test-method signature="CheckTheContactnumber()[pri:3, instance:almosafer.myTestcases@7ca33c24]" started-at="2024-06-23T19:08:12 EET" name="CheckTheContactnumber" finished-at="2024-06-23T19:08:12 EET" duration-ms="16" status="PASS">
          <reporter-output>
          </reporter-output>
        </test-method> <!-- CheckTheContactnumber -->
        <test-method signature="CheckQitafLogoIfDisplayed()[pri:4, instance:almosafer.myTestcases@7ca33c24]" started-at="2024-06-23T19:08:12 EET" name="CheckQitafLogoIfDisplayed" finished-at="2024-06-23T19:08:12 EET" duration-ms="35" status="PASS">
          <reporter-output>
          </reporter-output>
        </test-method> <!-- CheckQitafLogoIfDisplayed -->
        <test-method signature="VerifyTheHotelsTapIsNotselected()[pri:5, instance:almosafer.myTestcases@7ca33c24]" started-at="2024-06-23T19:08:12 EET" name="VerifyTheHotelsTapIsNotselected" finished-at="2024-06-23T19:08:12 EET" duration-ms="15" status="PASS">
          <reporter-output>
          </reporter-output>
        </test-method> <!-- VerifyTheHotelsTapIsNotselected -->
        <test-method signature="FligtDepartureAndReturneDate()[pri:6, instance:almosafer.myTestcases@7ca33c24]" started-at="2024-06-23T19:08:12 EET" name="FligtDepartureAndReturneDate" finished-at="2024-06-23T19:08:12 EET" duration-ms="30" status="PASS">
          <reporter-output>
          </reporter-output>
        </test-method> <!-- FligtDepartureAndReturneDate -->
        <test-method signature="ChangeLanguageRandom()[pri:8, instance:almosafer.myTestcases@7ca33c24]" started-at="2024-06-23T19:08:12 EET" name="ChangeLanguageRandom" finished-at="2024-06-23T19:08:13 EET" duration-ms="793" status="PASS">
          <reporter-output>
          </reporter-output>
        </test-method> <!-- ChangeLanguageRandom -->
        <test-method signature="HotelsTapSelection()[pri:9, instance:almosafer.myTestcases@7ca33c24]" started-at="2024-06-23T19:08:13 EET" name="HotelsTapSelection" finished-at="2024-06-23T19:08:13 EET" duration-ms="163" status="PASS">
          <reporter-output>
          </reporter-output>
        </test-method> <!-- HotelsTapSelection -->
        <test-method signature="SelectRandomNumOfPeople()[pri:10, instance:almosafer.myTestcases@7ca33c24]" started-at="2024-06-23T19:08:13 EET" name="SelectRandomNumOfPeople" finished-at="2024-06-23T19:08:16 EET" duration-ms="3147" status="PASS">
          <reporter-output>
          </reporter-output>
        </test-method> <!-- SelectRandomNumOfPeople -->
        <test-method signature="RuseltBar()[pri:11, instance:almosafer.myTestcases@7ca33c24]" started-at="2024-06-23T19:08:16 EET" name="RuseltBar" finished-at="2024-06-23T19:08:32 EET" duration-ms="15912" status="PASS">
          <reporter-output>
          </reporter-output>
        </test-method> <!-- RuseltBar -->
        <test-method signature="SortItemsPriceLowToHigh()[pri:12, instance:almosafer.myTestcases@7ca33c24]" started-at="2024-06-23T19:08:32 EET" name="SortItemsPriceLowToHigh" finished-at="2024-06-23T19:08:35 EET" duration-ms="2922" status="PASS">
          <reporter-output>
          </reporter-output>
        </test-method> <!-- SortItemsPriceLowToHigh -->
      </class> <!-- almosafer.myTestcases -->
    </test> <!-- Default test -->
  </suite> <!-- Default suite -->
</testng-results>
